[2m2026-01-28T16:57:42.244861Z[0m [32m INFO[0m [2mcosmic_connect_daemon::diagnostics[0m[2m:[0m [2mcosmic-connect-daemon/src/diagnostics.rs[0m[2m:[0m[2m136:[0m Logging initialized: level=INFO, json=false, timestamps=true
[2m2026-01-28T16:57:42.244905Z[0m [32m INFO[0m [2mcosmic_connect_daemon[0m[2m:[0m [2mcosmic-connect-daemon/src/main.rs[0m[2m:[0m[2m2150:[0m Starting CConnect daemon...
[2m2026-01-28T16:57:42.245001Z[0m [32m INFO[0m [2mcosmic_connect_daemon[0m[2m:[0m [2mcosmic-connect-daemon/src/main.rs[0m[2m:[0m[2m2155:[0m Configuration loaded
[2m2026-01-28T16:57:42.245004Z[0m [32m INFO[0m [2mcosmic_connect_daemon[0m[2m:[0m [2mcosmic-connect-daemon/src/main.rs[0m[2m:[0m[2m2156:[0m Device name: Test COSMIC Desktop
[2m2026-01-28T16:57:42.245012Z[0m [32m INFO[0m [2mcosmic_connect_daemon[0m[2m:[0m [2mcosmic-connect-daemon/src/main.rs[0m[2m:[0m[2m2157:[0m Device type: desktop
[2m2026-01-28T16:57:42.245014Z[0m [32m INFO[0m [2mcosmic_connect_daemon[0m[2m:[0m [2mcosmic-connect-daemon/src/main.rs[0m[2m:[0m[2m2158:[0m Discovery port: 1816
[2m2026-01-28T16:57:42.245042Z[0m [32m INFO[0m [2mcosmic_connect_daemon[0m[2m:[0m [2mcosmic-connect-daemon/src/main.rs[0m[2m:[0m[2m262:[0m Loading existing certificate from "/tmp/cosmic-connect-test/certs/device.crt"
[2m2026-01-28T16:57:42.245120Z[0m [32m INFO[0m [2mcosmic_connect_core::crypto::certificate[0m[2m:[0m [2m/build/cargo-vendor-dir/cosmic-connect-core-0.1.0/src/crypto/certificate.rs[0m[2m:[0m[2m280:[0m Loaded certificate for device cconnect-device with fingerprint: 5C:3E:7F:AF:3E:92:D8:A9:64:26:2B:37:D9:2A:C8:96:CC:C0:7A:51:26:BF:DB:F5:A8:6B:94:1F:28:7B:7D:A4
[2m2026-01-28T16:57:42.246602Z[0m [32m INFO[0m [2mcosmic_connect_daemon[0m[2m:[0m [2mcosmic-connect-daemon/src/main.rs[0m[2m:[0m[2m205:[0m COSMIC notifications client initialized
[2m2026-01-28T16:57:42.247251Z[0m [32m INFO[0m [2mcosmic_connect_daemon[0m[2m:[0m [2mcosmic-connect-daemon/src/main.rs[0m[2m:[0m[2m220:[0m MPRIS manager initialized
[2m2026-01-28T16:57:42.247263Z[0m [32m INFO[0m [2mcosmic_connect_daemon[0m[2m:[0m [2mcosmic-connect-daemon/src/main.rs[0m[2m:[0m[2m290:[0m Registering plugin factories...
[2m2026-01-28T16:57:42.247266Z[0m [32m INFO[0m [2mcosmic_connect_daemon[0m[2m:[0m [2mcosmic-connect-daemon/src/main.rs[0m[2m:[0m[2m294:[0m Registering ping plugin factory
[2m2026-01-28T16:57:42.247274Z[0m [32m INFO[0m [2mcosmic_connect_protocol::plugins[0m[2m:[0m [2mcosmic-connect-protocol/src/plugins/mod.rs[0m[2m:[0m[2m382:[0m Registered plugin factory: ping
[2m2026-01-28T16:57:42.247283Z[0m [32m INFO[0m [2mcosmic_connect_daemon[0m[2m:[0m [2mcosmic-connect-daemon/src/main.rs[0m[2m:[0m[2m301:[0m Registering battery plugin factory
[2m2026-01-28T16:57:42.247291Z[0m [32m INFO[0m [2mcosmic_connect_protocol::plugins[0m[2m:[0m [2mcosmic-connect-protocol/src/plugins/mod.rs[0m[2m:[0m[2m382:[0m Registered plugin factory: battery
[2m2026-01-28T16:57:42.247294Z[0m [32m INFO[0m [2mcosmic_connect_daemon[0m[2m:[0m [2mcosmic-connect-daemon/src/main.rs[0m[2m:[0m[2m308:[0m Registering notification plugin factory
[2m2026-01-28T16:57:42.247305Z[0m [32m INFO[0m [2mcosmic_connect_protocol::plugins[0m[2m:[0m [2mcosmic-connect-protocol/src/plugins/mod.rs[0m[2m:[0m[2m382:[0m Registered plugin factory: notification
[2m2026-01-28T16:57:42.247308Z[0m [32m INFO[0m [2mcosmic_connect_daemon[0m[2m:[0m [2mcosmic-connect-daemon/src/main.rs[0m[2m:[0m[2m315:[0m Registering share plugin factory
[2m2026-01-28T16:57:42.247316Z[0m [32m INFO[0m [2mcosmic_connect_protocol::plugins[0m[2m:[0m [2mcosmic-connect-protocol/src/plugins/mod.rs[0m[2m:[0m[2m382:[0m Registered plugin factory: share
[2m2026-01-28T16:57:42.247319Z[0m [32m INFO[0m [2mcosmic_connect_daemon[0m[2m:[0m [2mcosmic-connect-daemon/src/main.rs[0m[2m:[0m[2m322:[0m Registering clipboard plugin factory
[2m2026-01-28T16:57:42.247323Z[0m [32m INFO[0m [2mcosmic_connect_protocol::plugins[0m[2m:[0m [2mcosmic-connect-protocol/src/plugins/mod.rs[0m[2m:[0m[2m382:[0m Registered plugin factory: clipboard
[2m2026-01-28T16:57:42.247340Z[0m [32m INFO[0m [2mcosmic_connect_daemon[0m[2m:[0m [2mcosmic-connect-daemon/src/main.rs[0m[2m:[0m[2m329:[0m Registering MPRIS plugin factory
[2m2026-01-28T16:57:42.247346Z[0m [32m INFO[0m [2mcosmic_connect_protocol::plugins[0m[2m:[0m [2mcosmic-connect-protocol/src/plugins/mod.rs[0m[2m:[0m[2m382:[0m Registered plugin factory: mpris
[2m2026-01-28T16:57:42.247349Z[0m [32m INFO[0m [2mcosmic_connect_daemon[0m[2m:[0m [2mcosmic-connect-daemon/src/main.rs[0m[2m:[0m[2m357:[0m Registering Lock plugin factory
[2m2026-01-28T16:57:42.247353Z[0m [32m INFO[0m [2mcosmic_connect_protocol::plugins[0m[2m:[0m [2mcosmic-connect-protocol/src/plugins/mod.rs[0m[2m:[0m[2m382:[0m Registered plugin factory: lock
[2m2026-01-28T16:57:42.247356Z[0m [32m INFO[0m [2mcosmic_connect_daemon[0m[2m:[0m [2mcosmic-connect-daemon/src/main.rs[0m[2m:[0m[2m378:[0m Registering Contacts plugin factory
[2m2026-01-28T16:57:42.247360Z[0m [32m INFO[0m [2mcosmic_connect_protocol::plugins[0m[2m:[0m [2mcosmic-connect-protocol/src/plugins/mod.rs[0m[2m:[0m[2m382:[0m Registered plugin factory: contacts
[2m2026-01-28T16:57:42.247363Z[0m [32m INFO[0m [2mcosmic_connect_daemon[0m[2m:[0m [2mcosmic-connect-daemon/src/main.rs[0m[2m:[0m[2m420:[0m Registering ClipboardHistory plugin factory
[2m2026-01-28T16:57:42.247367Z[0m [32m INFO[0m [2mcosmic_connect_protocol::plugins[0m[2m:[0m [2mcosmic-connect-protocol/src/plugins/mod.rs[0m[2m:[0m[2m382:[0m Registered plugin factory: clipboardhistory
[2m2026-01-28T16:57:42.247370Z[0m [32m INFO[0m [2mcosmic_connect_daemon[0m[2m:[0m [2mcosmic-connect-daemon/src/main.rs[0m[2m:[0m[2m434:[0m Registering Chat plugin factory
[2m2026-01-28T16:57:42.247374Z[0m [32m INFO[0m [2mcosmic_connect_protocol::plugins[0m[2m:[0m [2mcosmic-connect-protocol/src/plugins/mod.rs[0m[2m:[0m[2m382:[0m Registered plugin factory: chat
[2m2026-01-28T16:57:42.247377Z[0m [32m INFO[0m [2mcosmic_connect_daemon[0m[2m:[0m [2mcosmic-connect-daemon/src/main.rs[0m[2m:[0m[2m468:[0m All plugin factories registered (10 total)
[2m2026-01-28T16:57:42.247380Z[0m [32m INFO[0m [2mcosmic_connect_daemon[0m[2m:[0m [2mcosmic-connect-daemon/src/main.rs[0m[2m:[0m[2m540:[0m Starting pairing service...
[2m2026-01-28T16:57:42.247395Z[0m [32m INFO[0m [2mcosmic_connect_protocol::pairing::handler[0m[2m:[0m [2mcosmic-connect-protocol/src/pairing/handler.rs[0m[2m:[0m[2m390:[0m Loading existing certificate for device 4dc6f1cb_ef38_4ce3_a9c6_e469cc6ba147
[2m2026-01-28T16:57:42.249897Z[0m [32m INFO[0m [2mcosmic_connect_protocol::pairing::handler[0m[2m:[0m [2mcosmic-connect-protocol/src/pairing/handler.rs[0m[2m:[0m[2m264:[0m Loaded certificate for device fb21b93c_dcaf_4e2e_b177_895cd063bb1f with fingerprint: D5:2F:F4:78:41:8A:6A:9A:6E:23:D6:C0:40:E2:F8:62:C5:17:B2:97:3A:36:D4:FF:53:02:53:41:DD:FB:0C:FA
[2m2026-01-28T16:57:42.249915Z[0m [32m INFO[0m [2mcosmic_connect_daemon[0m[2m:[0m [2mcosmic-connect-daemon/src/main.rs[0m[2m:[0m[2m554:[0m Pairing service created (fingerprint: D5:2F:F4:78:41:8A:6A:9A:6E:23:D6:C0:40:E2:F8:62:C5:17:B2:97:3A:36:D4:FF:53:02:53:41:DD:FB:0C:FA)
[2m2026-01-28T16:57:42.249928Z[0m [32m INFO[0m [2mcosmic_connect_daemon[0m[2m:[0m [2mcosmic-connect-daemon/src/main.rs[0m[2m:[0m[2m601:[0m Pairing service started
[2m2026-01-28T16:57:42.249931Z[0m [32m INFO[0m [2mcosmic_connect_daemon[0m[2m:[0m [2mcosmic-connect-daemon/src/main.rs[0m[2m:[0m[2m949:[0m Starting DBus server...
[2m2026-01-28T16:57:42.249939Z[0m [32m INFO[0m [2mcosmic_connect_daemon::dbus[0m[2m:[0m [2mcosmic-connect-daemon/src/dbus.rs[0m[2m:[0m[2m2099:[0m Starting DBus server on com.system76.CosmicConnect
[2m2026-01-28T16:57:42.251082Z[0m [32m INFO[0m [2mcosmic_connect_daemon::dbus[0m[2m:[0m [2mcosmic-connect-daemon/src/dbus.rs[0m[2m:[0m[2m2134:[0m DBus server started successfully
[2m2026-01-28T16:57:42.251101Z[0m [32m INFO[0m [2mcosmic_connect_daemon[0m[2m:[0m [2mcosmic-connect-daemon/src/main.rs[0m[2m:[0m[2m965:[0m DBus server started on com.system76.CosmicConnect
[2m2026-01-28T16:57:42.251106Z[0m [32m INFO[0m [2mcosmic_connect_daemon[0m[2m:[0m [2mcosmic-connect-daemon/src/main.rs[0m[2m:[0m[2m478:[0m Starting device discovery...
[2m2026-01-28T16:57:42.251144Z[0m [32m INFO[0m [2mcosmic_connect_protocol::discovery::service[0m[2m:[0m [2mcosmic-connect-protocol/src/discovery/service.rs[0m[2m:[0m[2m116:[0m Bound to UDP port 1816
[2m2026-01-28T16:57:42.251165Z[0m [32m INFO[0m [2mcosmic_connect_protocol::discovery::service[0m[2m:[0m [2mcosmic-connect-protocol/src/discovery/service.rs[0m[2m:[0m[2m181:[0m Starting discovery service on port 1816
[2m2026-01-28T16:57:42.251188Z[0m [32m INFO[0m [2mcosmic_connect_daemon[0m[2m:[0m [2mcosmic-connect-daemon/src/main.rs[0m[2m:[0m[2m513:[0m Discovery service started on port 1816
[2m2026-01-28T16:57:42.251193Z[0m [32m INFO[0m [2mcosmic_connect_daemon[0m[2m:[0m [2mcosmic-connect-daemon/src/main.rs[0m[2m:[0m[2m788:[0m Starting connection manager...
[2m2026-01-28T16:57:42.251197Z[0m [32m INFO[0m [2mcosmic_connect_daemon[0m[2m:[0m [2mcosmic-connect-daemon/src/main.rs[0m[2m:[0m[2m890:[0m Using ConnectionManager directly (Bluetooth disabled)
[2m2026-01-28T16:57:42.251206Z[0m [32m INFO[0m [2mcosmic_connect_protocol::connection::manager[0m[2m:[0m [2mcosmic-connect-protocol/src/connection/manager.rs[0m[2m:[0m[2m178:[0m Starting connection manager on 0.0.0.0:1816
[2m2026-01-28T16:57:42.251211Z[0m [32m INFO[0m [2mcosmic_connect_protocol::connection::manager[0m[2m:[0m [2mcosmic-connect-protocol/src/connection/manager.rs[0m[2m:[0m[2m183:[0m Starting TLS server with rustls (TLS 1.2+, TOFU security model)
[2m2026-01-28T16:57:42.251214Z[0m [32m INFO[0m [2mcosmic_connect_core::crypto::tls[0m[2m:[0m [2m/build/cargo-vendor-dir/cosmic-connect-core-0.1.0/src/crypto/tls.rs[0m[2m:[0m[2m456:[0m Starting TLS server on 0.0.0.0:1816
[2m2026-01-28T16:57:42.251214Z[0m [32m INFO[0m [2mcosmic_connect_daemon[0m[2m:[0m [2mcosmic-connect-daemon/src/main.rs[0m[2m:[0m[2m1844:[0m Discovery service started successfully on port 1816
[2m2026-01-28T16:57:42.251299Z[0m [32m INFO[0m [2mcosmic_connect_core::crypto::tls[0m[2m:[0m [2m/build/cargo-vendor-dir/cosmic-connect-core-0.1.0/src/crypto/tls.rs[0m[2m:[0m[2m465:[0m TLS server listening on 0.0.0.0:1816
[2m2026-01-28T16:57:42.251308Z[0m [32m INFO[0m [2mcosmic_connect_protocol::connection::manager[0m[2m:[0m [2mcosmic-connect-protocol/src/connection/manager.rs[0m[2m:[0m[2m243:[0m Connection manager started on port 1816
[2m2026-01-28T16:57:42.251312Z[0m [32m INFO[0m [2mcosmic_connect_daemon[0m[2m:[0m [2mcosmic-connect-daemon/src/main.rs[0m[2m:[0m[2m901:[0m Connection manager started on port 1816
[2m2026-01-28T16:57:42.251339Z[0m [32m INFO[0m [2mcosmic_connect_daemon[0m[2m:[0m [2mcosmic-connect-daemon/src/main.rs[0m[2m:[0m[2m942:[0m Connection manager started successfully
[2m2026-01-28T16:57:42.251347Z[0m [32m INFO[0m [2mcosmic_connect_daemon[0m[2m:[0m [2mcosmic-connect-daemon/src/main.rs[0m[2m:[0m[2m1008:[0m Starting clipboard monitor...
[2m2026-01-28T16:57:42.251353Z[0m [32m INFO[0m [2mcosmic_connect_daemon[0m[2m:[0m [2mcosmic-connect-daemon/src/main.rs[0m[2m:[0m[2m1084:[0m Clipboard monitor started successfully
[2m2026-01-28T16:57:42.251357Z[0m [32m INFO[0m [2mcosmic_connect_daemon[0m[2m:[0m [2mcosmic-connect-daemon/src/main.rs[0m[2m:[0m[2m1088:[0m Starting notification action listener...
[2m2026-01-28T16:57:42.251366Z[0m [32m INFO[0m [2mcosmic_connect_daemon[0m[2m:[0m [2mcosmic-connect-daemon/src/main.rs[0m[2m:[0m[2m978:[0m Starting MPRIS player discovery and monitoring...
[2m2026-01-28T16:57:42.251364Z[0m [32m INFO[0m [2mcosmic_connect_daemon[0m[2m:[0m [2mcosmic-connect-daemon/src/main.rs[0m[2m:[0m[2m1588:[0m Connection manager started on port 1816
[2m2026-01-28T16:57:42.251780Z[0m [32m INFO[0m [2mcosmic_connect_daemon::mpris_manager[0m[2m:[0m [2mcosmic-connect-daemon/src/mpris_manager.rs[0m[2m:[0m[2m168:[0m Discovered 2 MPRIS players
[2m2026-01-28T16:57:42.251778Z[0m [32m INFO[0m [2mcosmic_connect_daemon[0m[2m:[0m [2mcosmic-connect-daemon/src/main.rs[0m[2m:[0m[2m1100:[0m Notification action listener started
[2m2026-01-28T16:57:42.251787Z[0m [32m INFO[0m [2mcosmic_connect_daemon[0m[2m:[0m [2mcosmic-connect-daemon/src/main.rs[0m[2m:[0m[2m988:[0m Discovered 2 MPRIS players: ["spotify", "chromium.instance14951"]
[2m2026-01-28T16:57:42.251797Z[0m [32m INFO[0m [2mcosmic_connect_daemon::mpris_manager[0m[2m:[0m [2mcosmic-connect-daemon/src/mpris_manager.rs[0m[2m:[0m[2m442:[0m Starting MPRIS monitoring for player: spotify
[2m2026-01-28T16:57:42.251875Z[0m [32m INFO[0m [2mcosmic_connect_daemon[0m[2m:[0m [2mcosmic-connect-daemon/src/main.rs[0m[2m:[0m[2m1031:[0m Clipboard monitor started (polling every 500ms)
[2m2026-01-28T16:57:42.253139Z[0m [32m INFO[0m [2mcosmic_connect_daemon[0m[2m:[0m [2mcosmic-connect-daemon/src/main.rs[0m[2m:[0m[2m994:[0m Started monitoring player: spotify
[2m2026-01-28T16:57:42.253142Z[0m [32m INFO[0m [2mcosmic_connect_daemon::mpris_manager[0m[2m:[0m [2mcosmic-connect-daemon/src/mpris_manager.rs[0m[2m:[0m[2m472:[0m Signal monitoring task started for player: spotify
[2m2026-01-28T16:57:42.253148Z[0m [32m INFO[0m [2mcosmic_connect_daemon::mpris_manager[0m[2m:[0m [2mcosmic-connect-daemon/src/mpris_manager.rs[0m[2m:[0m[2m442:[0m Starting MPRIS monitoring for player: chromium.instance14951
[2m2026-01-28T16:57:42.254412Z[0m [32m INFO[0m [2mcosmic_connect_daemon[0m[2m:[0m [2mcosmic-connect-daemon/src/main.rs[0m[2m:[0m[2m994:[0m Started monitoring player: chromium.instance14951
[2m2026-01-28T16:57:42.254415Z[0m [32m INFO[0m [2mcosmic_connect_daemon::mpris_manager[0m[2m:[0m [2mcosmic-connect-daemon/src/mpris_manager.rs[0m[2m:[0m[2m472:[0m Signal monitoring task started for player: chromium.instance14951
[2m2026-01-28T16:57:42.254421Z[0m [32m INFO[0m [2mcosmic_connect_daemon[0m[2m:[0m [2mcosmic-connect-daemon/src/main.rs[0m[2m:[0m[2m1858:[0m CConnect daemon running
[2m2026-01-28T16:57:42.254425Z[0m [32m INFO[0m [2mcosmic_connect_daemon[0m[2m:[0m [2mcosmic-connect-daemon/src/main.rs[0m[2m:[0m[2m1859:[0m Device: Test COSMIC Desktop (4dc6f1cb_ef38_4ce3_a9c6_e469cc6ba147)
[2m2026-01-28T16:57:42.254429Z[0m [32m INFO[0m [2mcosmic_connect_daemon[0m[2m:[0m [2mcosmic-connect-daemon/src/main.rs[0m[2m:[0m[2m1863:[0m Type: Desktop
[2m2026-01-28T16:57:42.254433Z[0m [32m INFO[0m [2mcosmic_connect_daemon[0m[2m:[0m [2mcosmic-connect-daemon/src/main.rs[0m[2m:[0m[2m1864:[0m Protocol version: 8
[2m2026-01-28T16:57:42.254443Z[0m [32m INFO[0m [2mcosmic_connect_daemon[0m[2m:[0m [2mcosmic-connect-daemon/src/main.rs[0m[2m:[0m[2m1871:[0m Incoming capabilities: 26
[2m2026-01-28T16:57:42.254446Z[0m [32m INFO[0m [2mcosmic_connect_daemon[0m[2m:[0m [2mcosmic-connect-daemon/src/main.rs[0m[2m:[0m[2m1873:[0m   - cconnect.ping
[2m2026-01-28T16:57:42.254448Z[0m [32m INFO[0m [2mcosmic_connect_daemon[0m[2m:[0m [2mcosmic-connect-daemon/src/main.rs[0m[2m:[0m[2m1873:[0m   - cconnect.notification.action
[2m2026-01-28T16:57:42.254451Z[0m [32m INFO[0m [2mcosmic_connect_daemon[0m[2m:[0m [2mcosmic-connect-daemon/src/main.rs[0m[2m:[0m[2m1873:[0m   - cconnect.cliphistory.search
[2m2026-01-28T16:57:42.254453Z[0m [32m INFO[0m [2mcosmic_connect_daemon[0m[2m:[0m [2mcosmic-connect-daemon/src/main.rs[0m[2m:[0m[2m1873:[0m   - cconnect.battery
[2m2026-01-28T16:57:42.254455Z[0m [32m INFO[0m [2mcosmic_connect_daemon[0m[2m:[0m [2mcosmic-connect-daemon/src/main.rs[0m[2m:[0m[2m1873:[0m   - cconnect.lock.request
[2m2026-01-28T16:57:42.254463Z[0m [32m INFO[0m [2mcosmic_connect_daemon[0m[2m:[0m [2mcosmic-connect-daemon/src/main.rs[0m[2m:[0m[2m1873:[0m   - cconnect.chat.history
[2m2026-01-28T16:57:42.254465Z[0m [32m INFO[0m [2mcosmic_connect_daemon[0m[2m:[0m [2mcosmic-connect-daemon/src/main.rs[0m[2m:[0m[2m1873:[0m   - cconnect.notification
[2m2026-01-28T16:57:42.254468Z[0m [32m INFO[0m [2mcosmic_connect_daemon[0m[2m:[0m [2mcosmic-connect-daemon/src/main.rs[0m[2m:[0m[2m1873:[0m   - cconnect.contacts.response_vcards
[2m2026-01-28T16:57:42.254470Z[0m [32m INFO[0m [2mcosmic_connect_daemon[0m[2m:[0m [2mcosmic-connect-daemon/src/main.rs[0m[2m:[0m[2m1873:[0m   - cconnect.mpris.request
[2m2026-01-28T16:57:42.254472Z[0m [32m INFO[0m [2mcosmic_connect_daemon[0m[2m:[0m [2mcosmic-connect-daemon/src/main.rs[0m[2m:[0m[2m1873:[0m   - cconnect.cliphistory.delete
[2m2026-01-28T16:57:42.254475Z[0m [32m INFO[0m [2mcosmic_connect_daemon[0m[2m:[0m [2mcosmic-connect-daemon/src/main.rs[0m[2m:[0m[2m1873:[0m   - cconnect.clipboard.connect
[2m2026-01-28T16:57:42.254477Z[0m [32m INFO[0m [2mcosmic_connect_daemon[0m[2m:[0m [2mcosmic-connect-daemon/src/main.rs[0m[2m:[0m[2m1873:[0m   - cconnect.cliphistory.add
[2m2026-01-28T16:57:42.254479Z[0m [32m INFO[0m [2mcosmic_connect_daemon[0m[2m:[0m [2mcosmic-connect-daemon/src/main.rs[0m[2m:[0m[2m1873:[0m   - cconnect.clipboard
[2m2026-01-28T16:57:42.254481Z[0m [32m INFO[0m [2mcosmic_connect_daemon[0m[2m:[0m [2mcosmic-connect-daemon/src/main.rs[0m[2m:[0m[2m1873:[0m   - cconnect.battery.request
[2m2026-01-28T16:57:42.254484Z[0m [32m INFO[0m [2mcosmic_connect_daemon[0m[2m:[0m [2mcosmic-connect-daemon/src/main.rs[0m[2m:[0m[2m1873:[0m   - cconnect.lock
[2m2026-01-28T16:57:42.254486Z[0m [32m INFO[0m [2mcosmic_connect_daemon[0m[2m:[0m [2mcosmic-connect-daemon/src/main.rs[0m[2m:[0m[2m1873:[0m   - cconnect.notification.reply
[2m2026-01-28T16:57:42.254488Z[0m [32m INFO[0m [2mcosmic_connect_daemon[0m[2m:[0m [2mcosmic-connect-daemon/src/main.rs[0m[2m:[0m[2m1873:[0m   - cconnect.cliphistory.sync
[2m2026-01-28T16:57:42.254490Z[0m [32m INFO[0m [2mcosmic_connect_daemon[0m[2m:[0m [2mcosmic-connect-daemon/src/main.rs[0m[2m:[0m[2m1873:[0m   - cconnect.chat.message
[2m2026-01-28T16:57:42.254493Z[0m [32m INFO[0m [2mcosmic_connect_daemon[0m[2m:[0m [2mcosmic-connect-daemon/src/main.rs[0m[2m:[0m[2m1873:[0m   - cconnect.cliphistory.pin
[2m2026-01-28T16:57:42.254495Z[0m [32m INFO[0m [2mcosmic_connect_daemon[0m[2m:[0m [2mcosmic-connect-daemon/src/main.rs[0m[2m:[0m[2m1873:[0m   - cconnect.notification.request
[2m2026-01-28T16:57:42.254497Z[0m [32m INFO[0m [2mcosmic_connect_daemon[0m[2m:[0m [2mcosmic-connect-daemon/src/main.rs[0m[2m:[0m[2m1873:[0m   - cconnect.mpris
[2m2026-01-28T16:57:42.254499Z[0m [32m INFO[0m [2mcosmic_connect_daemon[0m[2m:[0m [2mcosmic-connect-daemon/src/main.rs[0m[2m:[0m[2m1873:[0m   - cconnect.contacts.response_uids_timestamps
[2m2026-01-28T16:57:42.254502Z[0m [32m INFO[0m [2mcosmic_connect_daemon[0m[2m:[0m [2mcosmic-connect-daemon/src/main.rs[0m[2m:[0m[2m1873:[0m   - cconnect.chat.typing
[2m2026-01-28T16:57:42.254504Z[0m [32m INFO[0m [2mcosmic_connect_daemon[0m[2m:[0m [2mcosmic-connect-daemon/src/main.rs[0m[2m:[0m[2m1873:[0m   - cconnect.chat.read
[2m2026-01-28T16:57:42.254506Z[0m [32m INFO[0m [2mcosmic_connect_daemon[0m[2m:[0m [2mcosmic-connect-daemon/src/main.rs[0m[2m:[0m[2m1873:[0m   - cconnect.share.request
[2m2026-01-28T16:57:42.254509Z[0m [32m INFO[0m [2mcosmic_connect_daemon[0m[2m:[0m [2mcosmic-connect-daemon/src/main.rs[0m[2m:[0m[2m1873:[0m   - cconnect.share.request.update
[2m2026-01-28T16:57:42.254511Z[0m [32m INFO[0m [2mcosmic_connect_daemon[0m[2m:[0m [2mcosmic-connect-daemon/src/main.rs[0m[2m:[0m[2m1876:[0m Outgoing capabilities: 23
[2m2026-01-28T16:57:42.254514Z[0m [32m INFO[0m [2mcosmic_connect_daemon[0m[2m:[0m [2mcosmic-connect-daemon/src/main.rs[0m[2m:[0m[2m1878:[0m   - cconnect.battery
[2m2026-01-28T16:57:42.254519Z[0m [32m INFO[0m [2mcosmic_connect_daemon[0m[2m:[0m [2mcosmic-connect-daemon/src/main.rs[0m[2m:[0m[2m1878:[0m   - cconnect.battery.request
[2m2026-01-28T16:57:42.254521Z[0m [32m INFO[0m [2mcosmic_connect_daemon[0m[2m:[0m [2mcosmic-connect-daemon/src/main.rs[0m[2m:[0m[2m1878:[0m   - cconnect.chat.history_response
[2m2026-01-28T16:57:42.254524Z[0m [32m INFO[0m [2mcosmic_connect_daemon[0m[2m:[0m [2mcosmic-connect-daemon/src/main.rs[0m[2m:[0m[2m1878:[0m   - cconnect.chat.message
[2m2026-01-28T16:57:42.254526Z[0m [32m INFO[0m [2mcosmic_connect_daemon[0m[2m:[0m [2mcosmic-connect-daemon/src/main.rs[0m[2m:[0m[2m1878:[0m   - cconnect.chat.typing
[2m2026-01-28T16:57:42.254528Z[0m [32m INFO[0m [2mcosmic_connect_daemon[0m[2m:[0m [2mcosmic-connect-daemon/src/main.rs[0m[2m:[0m[2m1878:[0m   - cconnect.clipboard
[2m2026-01-28T16:57:42.254530Z[0m [32m INFO[0m [2mcosmic_connect_daemon[0m[2m:[0m [2mcosmic-connect-daemon/src/main.rs[0m[2m:[0m[2m1878:[0m   - cconnect.clipboard.connect
[2m2026-01-28T16:57:42.254533Z[0m [32m INFO[0m [2mcosmic_connect_daemon[0m[2m:[0m [2mcosmic-connect-daemon/src/main.rs[0m[2m:[0m[2m1878:[0m   - cconnect.cliphistory.add
[2m2026-01-28T16:57:42.254535Z[0m [32m INFO[0m [2mcosmic_connect_daemon[0m[2m:[0m [2mcosmic-connect-daemon/src/main.rs[0m[2m:[0m[2m1878:[0m   - cconnect.cliphistory.result
[2m2026-01-28T16:57:42.254537Z[0m [32m INFO[0m [2mcosmic_connect_daemon[0m[2m:[0m [2mcosmic-connect-daemon/src/main.rs[0m[2m:[0m[2m1878:[0m   - cconnect.cliphistory.sync
[2m2026-01-28T16:57:42.254539Z[0m [32m INFO[0m [2mcosmic_connect_daemon[0m[2m:[0m [2mcosmic-connect-daemon/src/main.rs[0m[2m:[0m[2m1878:[0m   - cconnect.contacts.request_all_uids_timestamps
[2m2026-01-28T16:57:42.254542Z[0m [32m INFO[0m [2mcosmic_connect_daemon[0m[2m:[0m [2mcosmic-connect-daemon/src/main.rs[0m[2m:[0m[2m1878:[0m   - cconnect.contacts.request_vcards_by_uid
[2m2026-01-28T16:57:42.254544Z[0m [32m INFO[0m [2mcosmic_connect_daemon[0m[2m:[0m [2mcosmic-connect-daemon/src/main.rs[0m[2m:[0m[2m1878:[0m   - cconnect.lock
[2m2026-01-28T16:57:42.254546Z[0m [32m INFO[0m [2mcosmic_connect_daemon[0m[2m:[0m [2mcosmic-connect-daemon/src/main.rs[0m[2m:[0m[2m1878:[0m   - cconnect.lock.request
[2m2026-01-28T16:57:42.254549Z[0m [32m INFO[0m [2mcosmic_connect_daemon[0m[2m:[0m [2mcosmic-connect-daemon/src/main.rs[0m[2m:[0m[2m1878:[0m   - cconnect.mpris
[2m2026-01-28T16:57:42.254551Z[0m [32m INFO[0m [2mcosmic_connect_daemon[0m[2m:[0m [2mcosmic-connect-daemon/src/main.rs[0m[2m:[0m[2m1878:[0m   - cconnect.mpris.request
[2m2026-01-28T16:57:42.254553Z[0m [32m INFO[0m [2mcosmic_connect_daemon[0m[2m:[0m [2mcosmic-connect-daemon/src/main.rs[0m[2m:[0m[2m1878:[0m   - cconnect.notification
[2m2026-01-28T16:57:42.254555Z[0m [32m INFO[0m [2mcosmic_connect_daemon[0m[2m:[0m [2mcosmic-connect-daemon/src/main.rs[0m[2m:[0m[2m1878:[0m   - cconnect.notification.action
[2m2026-01-28T16:57:42.254558Z[0m [32m INFO[0m [2mcosmic_connect_daemon[0m[2m:[0m [2mcosmic-connect-daemon/src/main.rs[0m[2m:[0m[2m1878:[0m   - cconnect.notification.reply
[2m2026-01-28T16:57:42.254560Z[0m [32m INFO[0m [2mcosmic_connect_daemon[0m[2m:[0m [2mcosmic-connect-daemon/src/main.rs[0m[2m:[0m[2m1878:[0m   - cconnect.notification.request
[2m2026-01-28T16:57:42.254562Z[0m [32m INFO[0m [2mcosmic_connect_daemon[0m[2m:[0m [2mcosmic-connect-daemon/src/main.rs[0m[2m:[0m[2m1878:[0m   - cconnect.ping
[2m2026-01-28T16:57:42.254564Z[0m [32m INFO[0m [2mcosmic_connect_daemon[0m[2m:[0m [2mcosmic-connect-daemon/src/main.rs[0m[2m:[0m[2m1878:[0m   - cconnect.share.request
[2m2026-01-28T16:57:42.254567Z[0m [32m INFO[0m [2mcosmic_connect_daemon[0m[2m:[0m [2mcosmic-connect-daemon/src/main.rs[0m[2m:[0m[2m1878:[0m   - cconnect.share.request.update
[2m2026-01-28T16:57:42.254572Z[0m [32m INFO[0m [2mcosmic_connect_daemon[0m[2m:[0m [2mcosmic-connect-daemon/src/main.rs[0m[2m:[0m[2m1885:[0m Device registry: 0 devices loaded
[2m2026-01-28T16:57:42.254575Z[0m [32m INFO[0m [2mcosmic_connect_daemon[0m[2m:[0m [2mcosmic-connect-daemon/src/main.rs[0m[2m:[0m[2m1889:[0m   - Paired devices: 0
[2m2026-01-28T16:57:42.254578Z[0m [32m INFO[0m [2mcosmic_connect_daemon[0m[2m:[0m [2mcosmic-connect-daemon/src/main.rs[0m[2m:[0m[2m1890:[0m   - Connected devices: 0
[2m2026-01-28T16:57:42.254581Z[0m [32m INFO[0m [2mcosmic_connect_daemon[0m[2m:[0m [2mcosmic-connect-daemon/src/main.rs[0m[2m:[0m[2m1896:[0m Daemon initialized successfully
[2m2026-01-28T16:57:42.254583Z[0m [32m INFO[0m [2mcosmic_connect_daemon[0m[2m:[0m [2mcosmic-connect-daemon/src/main.rs[0m[2m:[0m[2m1897:[0m Press Ctrl+C to stop
