[2m2026-01-28T19:11:30.327530Z[0m [32m INFO[0m [2mcosmic_connect_daemon::diagnostics[0m[2m:[0m [2mcosmic-connect-daemon/src/diagnostics.rs[0m[2m:[0m[2m136:[0m Logging initialized: level=INFO, json=false, timestamps=true
[2m2026-01-28T19:11:30.327575Z[0m [32m INFO[0m [2mcosmic_connect_daemon[0m[2m:[0m [2mcosmic-connect-daemon/src/main.rs[0m[2m:[0m[2m2150:[0m Starting CConnect daemon...
[2m2026-01-28T19:11:30.327674Z[0m [32m INFO[0m [2mcosmic_connect_daemon[0m[2m:[0m [2mcosmic-connect-daemon/src/main.rs[0m[2m:[0m[2m2155:[0m Configuration loaded
[2m2026-01-28T19:11:30.327678Z[0m [32m INFO[0m [2mcosmic_connect_daemon[0m[2m:[0m [2mcosmic-connect-daemon/src/main.rs[0m[2m:[0m[2m2156:[0m Device name: Test COSMIC Desktop
[2m2026-01-28T19:11:30.327685Z[0m [32m INFO[0m [2mcosmic_connect_daemon[0m[2m:[0m [2mcosmic-connect-daemon/src/main.rs[0m[2m:[0m[2m2157:[0m Device type: desktop
[2m2026-01-28T19:11:30.327687Z[0m [32m INFO[0m [2mcosmic_connect_daemon[0m[2m:[0m [2mcosmic-connect-daemon/src/main.rs[0m[2m:[0m[2m2158:[0m Discovery port: 1816
[2m2026-01-28T19:11:30.327715Z[0m [32m INFO[0m [2mcosmic_connect_daemon[0m[2m:[0m [2mcosmic-connect-daemon/src/main.rs[0m[2m:[0m[2m262:[0m Loading existing certificate from "/tmp/cosmic-connect-test/certs/device.crt"
[2m2026-01-28T19:11:30.327795Z[0m [32m INFO[0m [2mcosmic_connect_core::crypto::certificate[0m[2m:[0m [2m/build/cargo-vendor-dir/cosmic-connect-core-0.1.0/src/crypto/certificate.rs[0m[2m:[0m[2m280:[0m Loaded certificate for device cconnect-device with fingerprint: 5C:3E:7F:AF:3E:92:D8:A9:64:26:2B:37:D9:2A:C8:96:CC:C0:7A:51:26:BF:DB:F5:A8:6B:94:1F:28:7B:7D:A4
[2m2026-01-28T19:11:30.329140Z[0m [32m INFO[0m [2mcosmic_connect_daemon[0m[2m:[0m [2mcosmic-connect-daemon/src/main.rs[0m[2m:[0m[2m205:[0m COSMIC notifications client initialized
[2m2026-01-28T19:11:30.329822Z[0m [32m INFO[0m [2mcosmic_connect_daemon[0m[2m:[0m [2mcosmic-connect-daemon/src/main.rs[0m[2m:[0m[2m220:[0m MPRIS manager initialized
[2m2026-01-28T19:11:30.329838Z[0m [32m INFO[0m [2mcosmic_connect_daemon[0m[2m:[0m [2mcosmic-connect-daemon/src/main.rs[0m[2m:[0m[2m290:[0m Registering plugin factories...
[2m2026-01-28T19:11:30.329841Z[0m [32m INFO[0m [2mcosmic_connect_daemon[0m[2m:[0m [2mcosmic-connect-daemon/src/main.rs[0m[2m:[0m[2m294:[0m Registering ping plugin factory
[2m2026-01-28T19:11:30.329849Z[0m [32m INFO[0m [2mcosmic_connect_protocol::plugins[0m[2m:[0m [2mcosmic-connect-protocol/src/plugins/mod.rs[0m[2m:[0m[2m382:[0m Registered plugin factory: ping
[2m2026-01-28T19:11:30.329862Z[0m [32m INFO[0m [2mcosmic_connect_daemon[0m[2m:[0m [2mcosmic-connect-daemon/src/main.rs[0m[2m:[0m[2m301:[0m Registering battery plugin factory
[2m2026-01-28T19:11:30.329871Z[0m [32m INFO[0m [2mcosmic_connect_protocol::plugins[0m[2m:[0m [2mcosmic-connect-protocol/src/plugins/mod.rs[0m[2m:[0m[2m382:[0m Registered plugin factory: battery
[2m2026-01-28T19:11:30.329874Z[0m [32m INFO[0m [2mcosmic_connect_daemon[0m[2m:[0m [2mcosmic-connect-daemon/src/main.rs[0m[2m:[0m[2m308:[0m Registering notification plugin factory
[2m2026-01-28T19:11:30.329885Z[0m [32m INFO[0m [2mcosmic_connect_protocol::plugins[0m[2m:[0m [2mcosmic-connect-protocol/src/plugins/mod.rs[0m[2m:[0m[2m382:[0m Registered plugin factory: notification
[2m2026-01-28T19:11:30.329893Z[0m [32m INFO[0m [2mcosmic_connect_daemon[0m[2m:[0m [2mcosmic-connect-daemon/src/main.rs[0m[2m:[0m[2m315:[0m Registering share plugin factory
[2m2026-01-28T19:11:30.329901Z[0m [32m INFO[0m [2mcosmic_connect_protocol::plugins[0m[2m:[0m [2mcosmic-connect-protocol/src/plugins/mod.rs[0m[2m:[0m[2m382:[0m Registered plugin factory: share
[2m2026-01-28T19:11:30.329904Z[0m [32m INFO[0m [2mcosmic_connect_daemon[0m[2m:[0m [2mcosmic-connect-daemon/src/main.rs[0m[2m:[0m[2m322:[0m Registering clipboard plugin factory
[2m2026-01-28T19:11:30.329907Z[0m [32m INFO[0m [2mcosmic_connect_protocol::plugins[0m[2m:[0m [2mcosmic-connect-protocol/src/plugins/mod.rs[0m[2m:[0m[2m382:[0m Registered plugin factory: clipboard
[2m2026-01-28T19:11:30.329917Z[0m [32m INFO[0m [2mcosmic_connect_daemon[0m[2m:[0m [2mcosmic-connect-daemon/src/main.rs[0m[2m:[0m[2m329:[0m Registering MPRIS plugin factory
[2m2026-01-28T19:11:30.329920Z[0m [32m INFO[0m [2mcosmic_connect_protocol::plugins[0m[2m:[0m [2mcosmic-connect-protocol/src/plugins/mod.rs[0m[2m:[0m[2m382:[0m Registered plugin factory: mpris
[2m2026-01-28T19:11:30.329923Z[0m [32m INFO[0m [2mcosmic_connect_daemon[0m[2m:[0m [2mcosmic-connect-daemon/src/main.rs[0m[2m:[0m[2m357:[0m Registering Lock plugin factory
[2m2026-01-28T19:11:30.329927Z[0m [32m INFO[0m [2mcosmic_connect_protocol::plugins[0m[2m:[0m [2mcosmic-connect-protocol/src/plugins/mod.rs[0m[2m:[0m[2m382:[0m Registered plugin factory: lock
[2m2026-01-28T19:11:30.329930Z[0m [32m INFO[0m [2mcosmic_connect_daemon[0m[2m:[0m [2mcosmic-connect-daemon/src/main.rs[0m[2m:[0m[2m378:[0m Registering Contacts plugin factory
[2m2026-01-28T19:11:30.329934Z[0m [32m INFO[0m [2mcosmic_connect_protocol::plugins[0m[2m:[0m [2mcosmic-connect-protocol/src/plugins/mod.rs[0m[2m:[0m[2m382:[0m Registered plugin factory: contacts
[2m2026-01-28T19:11:30.329937Z[0m [32m INFO[0m [2mcosmic_connect_daemon[0m[2m:[0m [2mcosmic-connect-daemon/src/main.rs[0m[2m:[0m[2m420:[0m Registering ClipboardHistory plugin factory
[2m2026-01-28T19:11:30.329941Z[0m [32m INFO[0m [2mcosmic_connect_protocol::plugins[0m[2m:[0m [2mcosmic-connect-protocol/src/plugins/mod.rs[0m[2m:[0m[2m382:[0m Registered plugin factory: clipboardhistory
[2m2026-01-28T19:11:30.329944Z[0m [32m INFO[0m [2mcosmic_connect_daemon[0m[2m:[0m [2mcosmic-connect-daemon/src/main.rs[0m[2m:[0m[2m434:[0m Registering Chat plugin factory
[2m2026-01-28T19:11:30.329948Z[0m [32m INFO[0m [2mcosmic_connect_protocol::plugins[0m[2m:[0m [2mcosmic-connect-protocol/src/plugins/mod.rs[0m[2m:[0m[2m382:[0m Registered plugin factory: chat
[2m2026-01-28T19:11:30.329951Z[0m [32m INFO[0m [2mcosmic_connect_daemon[0m[2m:[0m [2mcosmic-connect-daemon/src/main.rs[0m[2m:[0m[2m468:[0m All plugin factories registered (10 total)
[2m2026-01-28T19:11:30.329954Z[0m [32m INFO[0m [2mcosmic_connect_daemon[0m[2m:[0m [2mcosmic-connect-daemon/src/main.rs[0m[2m:[0m[2m540:[0m Starting pairing service...
[2m2026-01-28T19:11:30.329973Z[0m [32m INFO[0m [2mcosmic_connect_protocol::pairing::handler[0m[2m:[0m [2mcosmic-connect-protocol/src/pairing/handler.rs[0m[2m:[0m[2m390:[0m Loading existing certificate for device 4dc6f1cb_ef38_4ce3_a9c6_e469cc6ba147
[2m2026-01-28T19:11:30.332459Z[0m [32m INFO[0m [2mcosmic_connect_protocol::pairing::handler[0m[2m:[0m [2mcosmic-connect-protocol/src/pairing/handler.rs[0m[2m:[0m[2m264:[0m Loaded certificate for device fb21b93c_dcaf_4e2e_b177_895cd063bb1f with fingerprint: D5:2F:F4:78:41:8A:6A:9A:6E:23:D6:C0:40:E2:F8:62:C5:17:B2:97:3A:36:D4:FF:53:02:53:41:DD:FB:0C:FA
[2m2026-01-28T19:11:30.332478Z[0m [32m INFO[0m [2mcosmic_connect_daemon[0m[2m:[0m [2mcosmic-connect-daemon/src/main.rs[0m[2m:[0m[2m554:[0m Pairing service created (fingerprint: D5:2F:F4:78:41:8A:6A:9A:6E:23:D6:C0:40:E2:F8:62:C5:17:B2:97:3A:36:D4:FF:53:02:53:41:DD:FB:0C:FA)
[2m2026-01-28T19:11:30.332513Z[0m [32m INFO[0m [2mcosmic_connect_daemon[0m[2m:[0m [2mcosmic-connect-daemon/src/main.rs[0m[2m:[0m[2m601:[0m Pairing service started
[2m2026-01-28T19:11:30.332516Z[0m [32m INFO[0m [2mcosmic_connect_daemon[0m[2m:[0m [2mcosmic-connect-daemon/src/main.rs[0m[2m:[0m[2m949:[0m Starting DBus server...
[2m2026-01-28T19:11:30.332524Z[0m [32m INFO[0m [2mcosmic_connect_daemon::dbus[0m[2m:[0m [2mcosmic-connect-daemon/src/dbus.rs[0m[2m:[0m[2m2099:[0m Starting DBus server on com.system76.CosmicConnect
[2m2026-01-28T19:11:30.333673Z[0m [32m INFO[0m [2mcosmic_connect_daemon::dbus[0m[2m:[0m [2mcosmic-connect-daemon/src/dbus.rs[0m[2m:[0m[2m2134:[0m DBus server started successfully
[2m2026-01-28T19:11:30.333690Z[0m [32m INFO[0m [2mcosmic_connect_daemon[0m[2m:[0m [2mcosmic-connect-daemon/src/main.rs[0m[2m:[0m[2m965:[0m DBus server started on com.system76.CosmicConnect
[2m2026-01-28T19:11:30.333696Z[0m [32m INFO[0m [2mcosmic_connect_daemon[0m[2m:[0m [2mcosmic-connect-daemon/src/main.rs[0m[2m:[0m[2m478:[0m Starting device discovery...
[2m2026-01-28T19:11:30.333730Z[0m [32m INFO[0m [2mcosmic_connect_protocol::discovery::service[0m[2m:[0m [2mcosmic-connect-protocol/src/discovery/service.rs[0m[2m:[0m[2m116:[0m Bound to UDP port 1816
[2m2026-01-28T19:11:30.333756Z[0m [32m INFO[0m [2mcosmic_connect_protocol::discovery::service[0m[2m:[0m [2mcosmic-connect-protocol/src/discovery/service.rs[0m[2m:[0m[2m181:[0m Starting discovery service on port 1816
[2m2026-01-28T19:11:30.333782Z[0m [32m INFO[0m [2mcosmic_connect_daemon[0m[2m:[0m [2mcosmic-connect-daemon/src/main.rs[0m[2m:[0m[2m513:[0m Discovery service started on port 1816
[2m2026-01-28T19:11:30.333791Z[0m [32m INFO[0m [2mcosmic_connect_daemon[0m[2m:[0m [2mcosmic-connect-daemon/src/main.rs[0m[2m:[0m[2m788:[0m Starting connection manager...
[2m2026-01-28T19:11:30.333797Z[0m [32m INFO[0m [2mcosmic_connect_daemon[0m[2m:[0m [2mcosmic-connect-daemon/src/main.rs[0m[2m:[0m[2m890:[0m Using ConnectionManager directly (Bluetooth disabled)
[2m2026-01-28T19:11:30.333801Z[0m [32m INFO[0m [2mcosmic_connect_daemon[0m[2m:[0m [2mcosmic-connect-daemon/src/main.rs[0m[2m:[0m[2m1844:[0m Discovery service started successfully on port 1816
[2m2026-01-28T19:11:30.333807Z[0m [32m INFO[0m [2mcosmic_connect_protocol::connection::manager[0m[2m:[0m [2mcosmic-connect-protocol/src/connection/manager.rs[0m[2m:[0m[2m178:[0m Starting connection manager on 0.0.0.0:1816
[2m2026-01-28T19:11:30.333814Z[0m [32m INFO[0m [2mcosmic_connect_protocol::connection::manager[0m[2m:[0m [2mcosmic-connect-protocol/src/connection/manager.rs[0m[2m:[0m[2m183:[0m Starting TLS server with rustls (TLS 1.2+, TOFU security model)
[2m2026-01-28T19:11:30.333817Z[0m [32m INFO[0m [2mcosmic_connect_core::crypto::tls[0m[2m:[0m [2m/build/cargo-vendor-dir/cosmic-connect-core-0.1.0/src/crypto/tls.rs[0m[2m:[0m[2m456:[0m Starting TLS server on 0.0.0.0:1816
[2m2026-01-28T19:11:30.333958Z[0m [32m INFO[0m [2mcosmic_connect_core::crypto::tls[0m[2m:[0m [2m/build/cargo-vendor-dir/cosmic-connect-core-0.1.0/src/crypto/tls.rs[0m[2m:[0m[2m465:[0m TLS server listening on 0.0.0.0:1816
[2m2026-01-28T19:11:30.333991Z[0m [32m INFO[0m [2mcosmic_connect_protocol::connection::manager[0m[2m:[0m [2mcosmic-connect-protocol/src/connection/manager.rs[0m[2m:[0m[2m243:[0m Connection manager started on port 1816
[2m2026-01-28T19:11:30.333995Z[0m [32m INFO[0m [2mcosmic_connect_daemon[0m[2m:[0m [2mcosmic-connect-daemon/src/main.rs[0m[2m:[0m[2m901:[0m Connection manager started on port 1816
[2m2026-01-28T19:11:30.334009Z[0m [32m INFO[0m [2mcosmic_connect_daemon[0m[2m:[0m [2mcosmic-connect-daemon/src/main.rs[0m[2m:[0m[2m942:[0m Connection manager started successfully
[2m2026-01-28T19:11:30.334013Z[0m [32m INFO[0m [2mcosmic_connect_daemon[0m[2m:[0m [2mcosmic-connect-daemon/src/main.rs[0m[2m:[0m[2m1008:[0m Starting clipboard monitor...
[2m2026-01-28T19:11:30.334019Z[0m [32m INFO[0m [2mcosmic_connect_daemon[0m[2m:[0m [2mcosmic-connect-daemon/src/main.rs[0m[2m:[0m[2m1084:[0m Clipboard monitor started successfully
[2m2026-01-28T19:11:30.334022Z[0m [32m INFO[0m [2mcosmic_connect_daemon[0m[2m:[0m [2mcosmic-connect-daemon/src/main.rs[0m[2m:[0m[2m1088:[0m Starting notification action listener...
[2m2026-01-28T19:11:30.334029Z[0m [32m INFO[0m [2mcosmic_connect_daemon[0m[2m:[0m [2mcosmic-connect-daemon/src/main.rs[0m[2m:[0m[2m978:[0m Starting MPRIS player discovery and monitoring...
[2m2026-01-28T19:11:30.334036Z[0m [32m INFO[0m [2mcosmic_connect_daemon[0m[2m:[0m [2mcosmic-connect-daemon/src/main.rs[0m[2m:[0m[2m1588:[0m Connection manager started on port 1816
[2m2026-01-28T19:11:30.334464Z[0m [32m INFO[0m [2mcosmic_connect_daemon[0m[2m:[0m [2mcosmic-connect-daemon/src/main.rs[0m[2m:[0m[2m1100:[0m Notification action listener started
[2m2026-01-28T19:11:30.334542Z[0m [32m INFO[0m [2mcosmic_connect_daemon::mpris_manager[0m[2m:[0m [2mcosmic-connect-daemon/src/mpris_manager.rs[0m[2m:[0m[2m168:[0m Discovered 2 MPRIS players
[2m2026-01-28T19:11:30.334550Z[0m [32m INFO[0m [2mcosmic_connect_daemon[0m[2m:[0m [2mcosmic-connect-daemon/src/main.rs[0m[2m:[0m[2m988:[0m Discovered 2 MPRIS players: ["spotify", "chromium.instance14951"]
[2m2026-01-28T19:11:30.334563Z[0m [32m INFO[0m [2mcosmic_connect_daemon::mpris_manager[0m[2m:[0m [2mcosmic-connect-daemon/src/mpris_manager.rs[0m[2m:[0m[2m442:[0m Starting MPRIS monitoring for player: spotify
[2m2026-01-28T19:11:30.334691Z[0m [32m INFO[0m [2mcosmic_connect_daemon[0m[2m:[0m [2mcosmic-connect-daemon/src/main.rs[0m[2m:[0m[2m1031:[0m Clipboard monitor started (polling every 500ms)
[2m2026-01-28T19:11:30.335898Z[0m [32m INFO[0m [2mcosmic_connect_daemon::mpris_manager[0m[2m:[0m [2mcosmic-connect-daemon/src/mpris_manager.rs[0m[2m:[0m[2m472:[0m Signal monitoring task started for player: spotify
[2m2026-01-28T19:11:30.335898Z[0m [32m INFO[0m [2mcosmic_connect_daemon[0m[2m:[0m [2mcosmic-connect-daemon/src/main.rs[0m[2m:[0m[2m994:[0m Started monitoring player: spotify
[2m2026-01-28T19:11:30.335917Z[0m [32m INFO[0m [2mcosmic_connect_daemon::mpris_manager[0m[2m:[0m [2mcosmic-connect-daemon/src/mpris_manager.rs[0m[2m:[0m[2m442:[0m Starting MPRIS monitoring for player: chromium.instance14951
[2m2026-01-28T19:11:30.337524Z[0m [32m INFO[0m [2mcosmic_connect_daemon[0m[2m:[0m [2mcosmic-connect-daemon/src/main.rs[0m[2m:[0m[2m994:[0m Started monitoring player: chromium.instance14951
[2m2026-01-28T19:11:30.337527Z[0m [32m INFO[0m [2mcosmic_connect_daemon::mpris_manager[0m[2m:[0m [2mcosmic-connect-daemon/src/mpris_manager.rs[0m[2m:[0m[2m472:[0m Signal monitoring task started for player: chromium.instance14951
[2m2026-01-28T19:11:30.337539Z[0m [32m INFO[0m [2mcosmic_connect_daemon[0m[2m:[0m [2mcosmic-connect-daemon/src/main.rs[0m[2m:[0m[2m1858:[0m CConnect daemon running
[2m2026-01-28T19:11:30.337554Z[0m [32m INFO[0m [2mcosmic_connect_daemon[0m[2m:[0m [2mcosmic-connect-daemon/src/main.rs[0m[2m:[0m[2m1859:[0m Device: Test COSMIC Desktop (4dc6f1cb_ef38_4ce3_a9c6_e469cc6ba147)
[2m2026-01-28T19:11:30.337559Z[0m [32m INFO[0m [2mcosmic_connect_daemon[0m[2m:[0m [2mcosmic-connect-daemon/src/main.rs[0m[2m:[0m[2m1863:[0m Type: Desktop
[2m2026-01-28T19:11:30.337563Z[0m [32m INFO[0m [2mcosmic_connect_daemon[0m[2m:[0m [2mcosmic-connect-daemon/src/main.rs[0m[2m:[0m[2m1864:[0m Protocol version: 8
[2m2026-01-28T19:11:30.337581Z[0m [32m INFO[0m [2mcosmic_connect_daemon[0m[2m:[0m [2mcosmic-connect-daemon/src/main.rs[0m[2m:[0m[2m1871:[0m Incoming capabilities: 26
[2m2026-01-28T19:11:30.337586Z[0m [32m INFO[0m [2mcosmic_connect_daemon[0m[2m:[0m [2mcosmic-connect-daemon/src/main.rs[0m[2m:[0m[2m1873:[0m   - cconnect.chat.message
[2m2026-01-28T19:11:30.337590Z[0m [32m INFO[0m [2mcosmic_connect_daemon[0m[2m:[0m [2mcosmic-connect-daemon/src/main.rs[0m[2m:[0m[2m1873:[0m   - cconnect.clipboard
[2m2026-01-28T19:11:30.337594Z[0m [32m INFO[0m [2mcosmic_connect_daemon[0m[2m:[0m [2mcosmic-connect-daemon/src/main.rs[0m[2m:[0m[2m1873:[0m   - cconnect.mpris.request
[2m2026-01-28T19:11:30.337597Z[0m [32m INFO[0m [2mcosmic_connect_daemon[0m[2m:[0m [2mcosmic-connect-daemon/src/main.rs[0m[2m:[0m[2m1873:[0m   - cconnect.chat.read
[2m2026-01-28T19:11:30.337600Z[0m [32m INFO[0m [2mcosmic_connect_daemon[0m[2m:[0m [2mcosmic-connect-daemon/src/main.rs[0m[2m:[0m[2m1873:[0m   - cconnect.share.request
[2m2026-01-28T19:11:30.337624Z[0m [32m INFO[0m [2mcosmic_connect_daemon[0m[2m:[0m [2mcosmic-connect-daemon/src/main.rs[0m[2m:[0m[2m1873:[0m   - cconnect.ping
[2m2026-01-28T19:11:30.337627Z[0m [32m INFO[0m [2mcosmic_connect_daemon[0m[2m:[0m [2mcosmic-connect-daemon/src/main.rs[0m[2m:[0m[2m1873:[0m   - cconnect.cliphistory.sync
[2m2026-01-28T19:11:30.337630Z[0m [32m INFO[0m [2mcosmic_connect_daemon[0m[2m:[0m [2mcosmic-connect-daemon/src/main.rs[0m[2m:[0m[2m1873:[0m   - cconnect.lock.request
[2m2026-01-28T19:11:30.337633Z[0m [32m INFO[0m [2mcosmic_connect_daemon[0m[2m:[0m [2mcosmic-connect-daemon/src/main.rs[0m[2m:[0m[2m1873:[0m   - cconnect.lock
[2m2026-01-28T19:11:30.337636Z[0m [32m INFO[0m [2mcosmic_connect_daemon[0m[2m:[0m [2mcosmic-connect-daemon/src/main.rs[0m[2m:[0m[2m1873:[0m   - cconnect.notification.request
[2m2026-01-28T19:11:30.337639Z[0m [32m INFO[0m [2mcosmic_connect_daemon[0m[2m:[0m [2mcosmic-connect-daemon/src/main.rs[0m[2m:[0m[2m1873:[0m   - cconnect.chat.typing
[2m2026-01-28T19:11:30.337643Z[0m [32m INFO[0m [2mcosmic_connect_daemon[0m[2m:[0m [2mcosmic-connect-daemon/src/main.rs[0m[2m:[0m[2m1873:[0m   - cconnect.chat.history
[2m2026-01-28T19:11:30.337646Z[0m [32m INFO[0m [2mcosmic_connect_daemon[0m[2m:[0m [2mcosmic-connect-daemon/src/main.rs[0m[2m:[0m[2m1873:[0m   - cconnect.cliphistory.search
[2m2026-01-28T19:11:30.337649Z[0m [32m INFO[0m [2mcosmic_connect_daemon[0m[2m:[0m [2mcosmic-connect-daemon/src/main.rs[0m[2m:[0m[2m1873:[0m   - cconnect.mpris
[2m2026-01-28T19:11:30.337652Z[0m [32m INFO[0m [2mcosmic_connect_daemon[0m[2m:[0m [2mcosmic-connect-daemon/src/main.rs[0m[2m:[0m[2m1873:[0m   - cconnect.battery
[2m2026-01-28T19:11:30.337655Z[0m [32m INFO[0m [2mcosmic_connect_daemon[0m[2m:[0m [2mcosmic-connect-daemon/src/main.rs[0m[2m:[0m[2m1873:[0m   - cconnect.notification.action
[2m2026-01-28T19:11:30.337658Z[0m [32m INFO[0m [2mcosmic_connect_daemon[0m[2m:[0m [2mcosmic-connect-daemon/src/main.rs[0m[2m:[0m[2m1873:[0m   - cconnect.battery.request
[2m2026-01-28T19:11:30.337661Z[0m [32m INFO[0m [2mcosmic_connect_daemon[0m[2m:[0m [2mcosmic-connect-daemon/src/main.rs[0m[2m:[0m[2m1873:[0m   - cconnect.share.request.update
[2m2026-01-28T19:11:30.337664Z[0m [32m INFO[0m [2mcosmic_connect_daemon[0m[2m:[0m [2mcosmic-connect-daemon/src/main.rs[0m[2m:[0m[2m1873:[0m   - cconnect.contacts.response_vcards
[2m2026-01-28T19:11:30.337667Z[0m [32m INFO[0m [2mcosmic_connect_daemon[0m[2m:[0m [2mcosmic-connect-daemon/src/main.rs[0m[2m:[0m[2m1873:[0m   - cconnect.contacts.response_uids_timestamps
[2m2026-01-28T19:11:30.337670Z[0m [32m INFO[0m [2mcosmic_connect_daemon[0m[2m:[0m [2mcosmic-connect-daemon/src/main.rs[0m[2m:[0m[2m1873:[0m   - cconnect.cliphistory.add
[2m2026-01-28T19:11:30.337673Z[0m [32m INFO[0m [2mcosmic_connect_daemon[0m[2m:[0m [2mcosmic-connect-daemon/src/main.rs[0m[2m:[0m[2m1873:[0m   - cconnect.notification.reply
[2m2026-01-28T19:11:30.337676Z[0m [32m INFO[0m [2mcosmic_connect_daemon[0m[2m:[0m [2mcosmic-connect-daemon/src/main.rs[0m[2m:[0m[2m1873:[0m   - cconnect.cliphistory.pin
[2m2026-01-28T19:11:30.337679Z[0m [32m INFO[0m [2mcosmic_connect_daemon[0m[2m:[0m [2mcosmic-connect-daemon/src/main.rs[0m[2m:[0m[2m1873:[0m   - cconnect.cliphistory.delete
[2m2026-01-28T19:11:30.337682Z[0m [32m INFO[0m [2mcosmic_connect_daemon[0m[2m:[0m [2mcosmic-connect-daemon/src/main.rs[0m[2m:[0m[2m1873:[0m   - cconnect.clipboard.connect
[2m2026-01-28T19:11:30.337685Z[0m [32m INFO[0m [2mcosmic_connect_daemon[0m[2m:[0m [2mcosmic-connect-daemon/src/main.rs[0m[2m:[0m[2m1873:[0m   - cconnect.notification
[2m2026-01-28T19:11:30.337688Z[0m [32m INFO[0m [2mcosmic_connect_daemon[0m[2m:[0m [2mcosmic-connect-daemon/src/main.rs[0m[2m:[0m[2m1876:[0m Outgoing capabilities: 23
[2m2026-01-28T19:11:30.337692Z[0m [32m INFO[0m [2mcosmic_connect_daemon[0m[2m:[0m [2mcosmic-connect-daemon/src/main.rs[0m[2m:[0m[2m1878:[0m   - cconnect.battery
[2m2026-01-28T19:11:30.337700Z[0m [32m INFO[0m [2mcosmic_connect_daemon[0m[2m:[0m [2mcosmic-connect-daemon/src/main.rs[0m[2m:[0m[2m1878:[0m   - cconnect.battery.request
[2m2026-01-28T19:11:30.337704Z[0m [32m INFO[0m [2mcosmic_connect_daemon[0m[2m:[0m [2mcosmic-connect-daemon/src/main.rs[0m[2m:[0m[2m1878:[0m   - cconnect.chat.history_response
[2m2026-01-28T19:11:30.337707Z[0m [32m INFO[0m [2mcosmic_connect_daemon[0m[2m:[0m [2mcosmic-connect-daemon/src/main.rs[0m[2m:[0m[2m1878:[0m   - cconnect.chat.message
[2m2026-01-28T19:11:30.337712Z[0m [32m INFO[0m [2mcosmic_connect_daemon[0m[2m:[0m [2mcosmic-connect-daemon/src/main.rs[0m[2m:[0m[2m1878:[0m   - cconnect.chat.typing
[2m2026-01-28T19:11:30.337716Z[0m [32m INFO[0m [2mcosmic_connect_daemon[0m[2m:[0m [2mcosmic-connect-daemon/src/main.rs[0m[2m:[0m[2m1878:[0m   - cconnect.clipboard
[2m2026-01-28T19:11:30.337720Z[0m [32m INFO[0m [2mcosmic_connect_daemon[0m[2m:[0m [2mcosmic-connect-daemon/src/main.rs[0m[2m:[0m[2m1878:[0m   - cconnect.clipboard.connect
[2m2026-01-28T19:11:30.337723Z[0m [32m INFO[0m [2mcosmic_connect_daemon[0m[2m:[0m [2mcosmic-connect-daemon/src/main.rs[0m[2m:[0m[2m1878:[0m   - cconnect.cliphistory.add
[2m2026-01-28T19:11:30.337727Z[0m [32m INFO[0m [2mcosmic_connect_daemon[0m[2m:[0m [2mcosmic-connect-daemon/src/main.rs[0m[2m:[0m[2m1878:[0m   - cconnect.cliphistory.result
[2m2026-01-28T19:11:30.337730Z[0m [32m INFO[0m [2mcosmic_connect_daemon[0m[2m:[0m [2mcosmic-connect-daemon/src/main.rs[0m[2m:[0m[2m1878:[0m   - cconnect.cliphistory.sync
[2m2026-01-28T19:11:30.337734Z[0m [32m INFO[0m [2mcosmic_connect_daemon[0m[2m:[0m [2mcosmic-connect-daemon/src/main.rs[0m[2m:[0m[2m1878:[0m   - cconnect.contacts.request_all_uids_timestamps
[2m2026-01-28T19:11:30.337738Z[0m [32m INFO[0m [2mcosmic_connect_daemon[0m[2m:[0m [2mcosmic-connect-daemon/src/main.rs[0m[2m:[0m[2m1878:[0m   - cconnect.contacts.request_vcards_by_uid
[2m2026-01-28T19:11:30.337742Z[0m [32m INFO[0m [2mcosmic_connect_daemon[0m[2m:[0m [2mcosmic-connect-daemon/src/main.rs[0m[2m:[0m[2m1878:[0m   - cconnect.lock
[2m2026-01-28T19:11:30.337746Z[0m [32m INFO[0m [2mcosmic_connect_daemon[0m[2m:[0m [2mcosmic-connect-daemon/src/main.rs[0m[2m:[0m[2m1878:[0m   - cconnect.lock.request
[2m2026-01-28T19:11:30.337749Z[0m [32m INFO[0m [2mcosmic_connect_daemon[0m[2m:[0m [2mcosmic-connect-daemon/src/main.rs[0m[2m:[0m[2m1878:[0m   - cconnect.mpris
[2m2026-01-28T19:11:30.337753Z[0m [32m INFO[0m [2mcosmic_connect_daemon[0m[2m:[0m [2mcosmic-connect-daemon/src/main.rs[0m[2m:[0m[2m1878:[0m   - cconnect.mpris.request
[2m2026-01-28T19:11:30.337756Z[0m [32m INFO[0m [2mcosmic_connect_daemon[0m[2m:[0m [2mcosmic-connect-daemon/src/main.rs[0m[2m:[0m[2m1878:[0m   - cconnect.notification
[2m2026-01-28T19:11:30.337760Z[0m [32m INFO[0m [2mcosmic_connect_daemon[0m[2m:[0m [2mcosmic-connect-daemon/src/main.rs[0m[2m:[0m[2m1878:[0m   - cconnect.notification.action
[2m2026-01-28T19:11:30.337764Z[0m [32m INFO[0m [2mcosmic_connect_daemon[0m[2m:[0m [2mcosmic-connect-daemon/src/main.rs[0m[2m:[0m[2m1878:[0m   - cconnect.notification.reply
[2m2026-01-28T19:11:30.337767Z[0m [32m INFO[0m [2mcosmic_connect_daemon[0m[2m:[0m [2mcosmic-connect-daemon/src/main.rs[0m[2m:[0m[2m1878:[0m   - cconnect.notification.request
[2m2026-01-28T19:11:30.337770Z[0m [32m INFO[0m [2mcosmic_connect_daemon[0m[2m:[0m [2mcosmic-connect-daemon/src/main.rs[0m[2m:[0m[2m1878:[0m   - cconnect.ping
[2m2026-01-28T19:11:30.337773Z[0m [32m INFO[0m [2mcosmic_connect_daemon[0m[2m:[0m [2mcosmic-connect-daemon/src/main.rs[0m[2m:[0m[2m1878:[0m   - cconnect.share.request
[2m2026-01-28T19:11:30.337776Z[0m [32m INFO[0m [2mcosmic_connect_daemon[0m[2m:[0m [2mcosmic-connect-daemon/src/main.rs[0m[2m:[0m[2m1878:[0m   - cconnect.share.request.update
[2m2026-01-28T19:11:30.337784Z[0m [32m INFO[0m [2mcosmic_connect_daemon[0m[2m:[0m [2mcosmic-connect-daemon/src/main.rs[0m[2m:[0m[2m1885:[0m Device registry: 0 devices loaded
[2m2026-01-28T19:11:30.337787Z[0m [32m INFO[0m [2mcosmic_connect_daemon[0m[2m:[0m [2mcosmic-connect-daemon/src/main.rs[0m[2m:[0m[2m1889:[0m   - Paired devices: 0
[2m2026-01-28T19:11:30.337791Z[0m [32m INFO[0m [2mcosmic_connect_daemon[0m[2m:[0m [2mcosmic-connect-daemon/src/main.rs[0m[2m:[0m[2m1890:[0m   - Connected devices: 0
[2m2026-01-28T19:11:30.337795Z[0m [32m INFO[0m [2mcosmic_connect_daemon[0m[2m:[0m [2mcosmic-connect-daemon/src/main.rs[0m[2m:[0m[2m1896:[0m Daemon initialized successfully
[2m2026-01-28T19:11:30.337798Z[0m [32m INFO[0m [2mcosmic_connect_daemon[0m[2m:[0m [2mcosmic-connect-daemon/src/main.rs[0m[2m:[0m[2m1897:[0m Press Ctrl+C to stop
