Creating all 40 GitHub issues for COSMIC Connect Android...

📋 Creating Phase 1 issues (1-5)...
https://github.com/olafkfreund/cosmic-connect-android/issues/1
https://github.com/olafkfreund/cosmic-connect-android/issues/2
https://github.com/olafkfreund/cosmic-connect-android/issues/3
https://github.com/olafkfreund/cosmic-connect-android/issues/4
https://github.com/olafkfreund/cosmic-connect-android/issues/5
✅ Phase 1 issues created (1-5)

📋 Creating Phase 2 issues (6-16)...
https://github.com/olafkfreund/cosmic-connect-android/issues/6
https://github.com/olafkfreund/cosmic-connect-android/issues/7
https://github.com/olafkfreund/cosmic-connect-android/issues/8
https://github.com/olafkfreund/cosmic-connect-android/issues/9
https://github.com/olafkfreund/cosmic-connect-android/issues/10
https://github.com/olafkfreund/cosmic-connect-android/issues/11
https://github.com/olafkfreund/cosmic-connect-android/issues/12
https://github.com/olafkfreund/cosmic-connect-android/issues/13
https://github.com/olafkfreund/cosmic-connect-android/issues/14
https://github.com/olafkfreund/cosmic-connect-android/issues/15
https://github.com/olafkfreund/cosmic-connect-android/issues/16
✅ Phase 2 issues created (6-16)

📋 Creating Phase 3 issues (17-27)...
https://github.com/olafkfreund/cosmic-connect-android/issues/17
https://github.com/olafkfreund/cosmic-connect-android/issues/18
https://github.com/olafkfreund/cosmic-connect-android/issues/19
https://github.com/olafkfreund/cosmic-connect-android/issues/20
https://github.com/olafkfreund/cosmic-connect-android/issues/21
https://github.com/olafkfreund/cosmic-connect-android/issues/22
https://github.com/olafkfreund/cosmic-connect-android/issues/23
https://github.com/olafkfreund/cosmic-connect-android/issues/24
https://github.com/olafkfreund/cosmic-connect-android/issues/25
https://github.com/olafkfreund/cosmic-connect-android/issues/26
https://github.com/olafkfreund/cosmic-connect-android/issues/27
✅ Phase 3 issues created (17-27)

📋 Creating Phase 4 issues (28-37)...
https://github.com/olafkfreund/cosmic-connect-android/issues/28
https://github.com/olafkfreund/cosmic-connect-android/issues/30
https://github.com/olafkfreund/cosmic-connect-android/issues/31
https://github.com/olafkfreund/cosmic-connect-android/issues/32
https://github.com/olafkfreund/cosmic-connect-android/issues/33
https://github.com/olafkfreund/cosmic-connect-android/issues/34
https://github.com/olafkfreund/cosmic-connect-android/issues/35
https://github.com/olafkfreund/cosmic-connect-android/issues/36
https://github.com/olafkfreund/cosmic-connect-android/issues/37
https://github.com/olafkfreund/cosmic-connect-android/issues/38
✅ Phase 4 issues created (28-37)

📋 Creating Phase 5 issues (38-40)...
https://github.com/olafkfreund/cosmic-connect-android/issues/39
https://github.com/olafkfreund/cosmic-connect-android/issues/40
https://github.com/olafkfreund/cosmic-connect-android/issues/41
✅ Phase 5 issues created (38-40)

🎉 All 40 issues created successfully!

Next steps:
1. View all issues: gh issue list
2. Set up project board: Issue #5
3. Start with Issue #1: Development Environment Setup

Happy coding! 🚀
